Determining if the pthread_create exist failed with the following output:
Change Dir: /home/user/rosLearn/demo01/build/CMakeFiles/CMakeTmp

Run Build Command:"/usr/bin/make" "cmTC_fcdb0/fast"
/usr/bin/make -f CMakeFiles/cmTC_fcdb0.dir/build.make CMakeFiles/cmTC_fcdb0.dir/build
make[1]: 进入目录“/home/user/rosLearn/demo01/build/CMakeFiles/CMakeTmp”
Building C object CMakeFiles/cmTC_fcdb0.dir/CheckSymbolExists.c.o
/usr/bin/cc    -o CMakeFiles/cmTC_fcdb0.dir/CheckSymbolExists.c.o   -c /home/user/rosLearn/demo01/build/CMakeFiles/CMakeTmp/CheckSymbolExists.c
Linking C executable cmTC_fcdb0
/usr/bin/cmake -E cmake_link_script CMakeFiles/cmTC_fcdb0.dir/link.txt --verbose=1
/usr/bin/cc      -rdynamic CMakeFiles/cmTC_fcdb0.dir/CheckSymbolExists.c.o  -o cmTC_fcdb0 
CMakeFiles/cmTC_fcdb0.dir/CheckSymbolExists.c.o：在函数‘main’中：
CheckSymbolExists.c:(.text+0x1b)：对‘pthread_create’未定义的引用
collect2: error: ld returned 1 exit status
CMakeFiles/cmTC_fcdb0.dir/build.make:97: recipe for target 'cmTC_fcdb0' failed
make[1]: *** [cmTC_fcdb0] Error 1
make[1]: 离开目录“/home/user/rosLearn/demo01/build/CMakeFiles/CMakeTmp”
Makefile:126: recipe for target 'cmTC_fcdb0/fast' failed
make: *** [cmTC_fcdb0/fast] Error 2

File /home/user/rosLearn/demo01/build/CMakeFiles/CMakeTmp/CheckSymbolExists.c:
/* */
#include <pthread.h>

int main(int argc, char** argv)
{
  (void)argv;
#ifndef pthread_create
  return ((int*)(&pthread_create))[argc];
#else
  (void)argc;
  return 0;
#endif
}

Determining if the function pthread_create exists in the pthreads failed with the following output:
Change Dir: /home/user/rosLearn/demo01/build/CMakeFiles/CMakeTmp

Run Build Command:"/usr/bin/make" "cmTC_3af22/fast"
/usr/bin/make -f CMakeFiles/cmTC_3af22.dir/build.make CMakeFiles/cmTC_3af22.dir/build
make[1]: 进入目录“/home/user/rosLearn/demo01/build/CMakeFiles/CMakeTmp”
Building C object CMakeFiles/cmTC_3af22.dir/CheckFunctionExists.c.o
/usr/bin/cc   -DCHECK_FUNCTION_EXISTS=pthread_create   -o CMakeFiles/cmTC_3af22.dir/CheckFunctionExists.c.o   -c /usr/share/cmake-3.10/Modules/CheckFunctionExists.c
Linking C executable cmTC_3af22
/usr/bin/cmake -E cmake_link_script CMakeFiles/cmTC_3af22.dir/link.txt --verbose=1
/usr/bin/cc  -DCHECK_FUNCTION_EXISTS=pthread_create    -rdynamic CMakeFiles/cmTC_3af22.dir/CheckFunctionExists.c.o  -o cmTC_3af22 -lpthreads 
/usr/bin/ld: 找不到 -lpthreads
collect2: error: ld returned 1 exit status
CMakeFiles/cmTC_3af22.dir/build.make:97: recipe for target 'cmTC_3af22' failed
make[1]: *** [cmTC_3af22] Error 1
make[1]: 离开目录“/home/user/rosLearn/demo01/build/CMakeFiles/CMakeTmp”
Makefile:126: recipe for target 'cmTC_3af22/fast' failed
make: *** [cmTC_3af22/fast] Error 2


